-- Attaching core tidyverse packages ------------------------ tidyverse 2.0.0 --
v dplyr     1.1.4     v readr     2.1.5
v forcats   1.0.0     v stringr   1.5.1
v ggplot2   3.5.1     v tibble    3.2.1
v lubridate 1.9.3     v tidyr     1.3.1
v purrr     1.0.2     
-- Conflicts ------------------------------------------ tidyverse_conflicts() --
x dplyr::filter() masks stats::filter()
x dplyr::lag()    masks stats::lag()
i Use the conflicted package (<http://conflicted.r-lib.org/>) to force all conflicts to become errors
Rows: 24 Columns: 2
-- Column specification --------------------------------------------------------
Delimiter: ","
chr (2): team_fbref, team_sheet

i Use `spec()` to retrieve the full column specification for this data.
i Specify the column types or set `show_col_types = FALSE` to quiet this message.
> Data last updated 2024-08-13 17:31:01.30820393562317 UTC
! Using an auto-discovered, cached token.
  To suppress this message, modify your code or options to clearly consent to
  the use of a cached token.
  See gargle's "Non-interactive auth" vignette for more details:
  <https://gargle.r-lib.org/articles/non-interactive-auth.html>
i The googlesheets4 package is using a cached token for
  'benbowenwieland@gmail.com'.
Auto-refreshing stale OAuth token.
v Writing to "2024-25 EFL Championship Prediction Game".
v Writing to sheet 'rawtable'.
-- Attaching core tidyverse packages ------------------------ tidyverse 2.0.0 --
v dplyr     1.1.4     v readr     2.1.5
v forcats   1.0.0     v stringr   1.5.1
v ggplot2   3.5.1     v tibble    3.2.1
v lubridate 1.9.3     v tidyr     1.3.1
v purrr     1.0.2     
-- Conflicts ------------------------------------------ tidyverse_conflicts() --
x dplyr::filter() masks stats::filter()
x dplyr::lag()    masks stats::lag()
i Use the conflicted package (<http://conflicted.r-lib.org/>) to force all conflicts to become errors
Rows: 24 Columns: 2
-- Column specification --------------------------------------------------------
Delimiter: ","
chr (2): team_fbref, team_sheet

i Use `spec()` to retrieve the full column specification for this data.
i Specify the column types or set `show_col_types = FALSE` to quiet this message.
> Data last updated 2024-08-15 17:28:41.5375940799713 UTC
! Using an auto-discovered, cached token.
  To suppress this message, modify your code or options to clearly consent to
  the use of a cached token.
  See gargle's "Non-interactive auth" vignette for more details:
  <https://gargle.r-lib.org/articles/non-interactive-auth.html>
i The googlesheets4 package is using a cached token for
  'benbowenwieland@gmail.com'.
Auto-refreshing stale OAuth token.
v Writing to "2024-25 EFL Championship Prediction Game".
v Writing to sheet 'rawtable'.
-- Attaching core tidyverse packages ------------------------ tidyverse 2.0.0 --
v dplyr     1.1.4     v readr     2.1.5
v forcats   1.0.0     v stringr   1.5.1
v ggplot2   3.5.1     v tibble    3.2.1
v lubridate 1.9.3     v tidyr     1.3.1
v purrr     1.0.2     
-- Conflicts ------------------------------------------ tidyverse_conflicts() --
x dplyr::filter() masks stats::filter()
x dplyr::lag()    masks stats::lag()
i Use the conflicted package (<http://conflicted.r-lib.org/>) to force all conflicts to become errors
Rows: 24 Columns: 2
-- Column specification --------------------------------------------------------
Delimiter: ","
chr (2): team_fbref, team_sheet

i Use `spec()` to retrieve the full column specification for this data.
i Specify the column types or set `show_col_types = FALSE` to quiet this message.
> Data last updated 2024-08-18 17:27:23.4508810043335 UTC
! Using an auto-discovered, cached token.
  To suppress this message, modify your code or options to clearly consent to
  the use of a cached token.
  See gargle's "Non-interactive auth" vignette for more details:
  <https://gargle.r-lib.org/articles/non-interactive-auth.html>
i The googlesheets4 package is using a cached token for
  'benbowenwieland@gmail.com'.
Auto-refreshing stale OAuth token.
v Writing to "2024-25 EFL Championship Prediction Game".
v Writing to sheet 'rawtable'.
-- Attaching core tidyverse packages ------------------------ tidyverse 2.0.0 --
v dplyr     1.1.4     v readr     2.1.5
v forcats   1.0.0     v stringr   1.5.1
v ggplot2   3.5.1     v tibble    3.2.1
v lubridate 1.9.3     v tidyr     1.3.1
v purrr     1.0.2     
-- Conflicts ------------------------------------------ tidyverse_conflicts() --
x dplyr::filter() masks stats::filter()
x dplyr::lag()    masks stats::lag()
i Use the conflicted package (<http://conflicted.r-lib.org/>) to force all conflicts to become errors
Rows: 24 Columns: 2
-- Column specification --------------------------------------------------------
Delimiter: ","
chr (2): team_fbref, team_sheet

i Use `spec()` to retrieve the full column specification for this data.
i Specify the column types or set `show_col_types = FALSE` to quiet this message.
> Data last updated 2024-08-20 17:30:10.5539329051971 UTC
! Using an auto-discovered, cached token.
  To suppress this message, modify your code or options to clearly consent to
  the use of a cached token.
  See gargle's "Non-interactive auth" vignette for more details:
  <https://gargle.r-lib.org/articles/non-interactive-auth.html>
i The googlesheets4 package is using a cached token for
  'benbowenwieland@gmail.com'.
Auto-refreshing stale OAuth token.
v Writing to "2024-25 EFL Championship Prediction Game".
v Writing to sheet 'rawtable'.
-- Attaching core tidyverse packages ------------------------ tidyverse 2.0.0 --
v dplyr     1.1.4     v readr     2.1.5
v forcats   1.0.0     v stringr   1.5.1
v ggplot2   3.5.1     v tibble    3.2.1
v lubridate 1.9.3     v tidyr     1.3.1
v purrr     1.0.2     
-- Conflicts ------------------------------------------ tidyverse_conflicts() --
x dplyr::filter() masks stats::filter()
x dplyr::lag()    masks stats::lag()
i Use the conflicted package (<http://conflicted.r-lib.org/>) to force all conflicts to become errors
Rows: 24 Columns: 2
-- Column specification --------------------------------------------------------
Delimiter: ","
chr (2): team_fbref, team_sheet

i Use `spec()` to retrieve the full column specification for this data.
i Specify the column types or set `show_col_types = FALSE` to quiet this message.
> Data last updated 2024-08-22 17:30:24.9520580768585 UTC
! Using an auto-discovered, cached token.
  To suppress this message, modify your code or options to clearly consent to
  the use of a cached token.
  See gargle's "Non-interactive auth" vignette for more details:
  <https://gargle.r-lib.org/articles/non-interactive-auth.html>
i The googlesheets4 package is using a cached token for
  'benbowenwieland@gmail.com'.
Auto-refreshing stale OAuth token.
v Writing to "2024-25 EFL Championship Prediction Game".
v Writing to sheet 'rawtable'.
-- Attaching core tidyverse packages ------------------------ tidyverse 2.0.0 --
v dplyr     1.1.4     v readr     2.1.5
v forcats   1.0.0     v stringr   1.5.1
v ggplot2   3.5.1     v tibble    3.2.1
v lubridate 1.9.3     v tidyr     1.3.1
v purrr     1.0.2     
-- Conflicts ------------------------------------------ tidyverse_conflicts() --
x dplyr::filter() masks stats::filter()
x dplyr::lag()    masks stats::lag()
i Use the conflicted package (<http://conflicted.r-lib.org/>) to force all conflicts to become errors
Rows: 24 Columns: 2
-- Column specification --------------------------------------------------------
Delimiter: ","
chr (2): team_fbref, team_sheet

i Use `spec()` to retrieve the full column specification for this data.
i Specify the column types or set `show_col_types = FALSE` to quiet this message.
> Data last updated 2024-08-22 17:30:24.9520580768585 UTC
! Using an auto-discovered, cached token.
  To suppress this message, modify your code or options to clearly consent to
  the use of a cached token.
  See gargle's "Non-interactive auth" vignette for more details:
  <https://gargle.r-lib.org/articles/non-interactive-auth.html>
i The googlesheets4 package is using a cached token for
  'benbowenwieland@gmail.com'.
Auto-refreshing stale OAuth token.
v Writing to "2024-25 EFL Championship Prediction Game".
v Writing to sheet 'rawtable'.
-- Attaching core tidyverse packages ------------------------ tidyverse 2.0.0 --
v dplyr     1.1.4     v readr     2.1.5
v forcats   1.0.0     v stringr   1.5.1
v ggplot2   3.5.1     v tibble    3.2.1
v lubridate 1.9.3     v tidyr     1.3.1
v purrr     1.0.2     
-- Conflicts ------------------------------------------ tidyverse_conflicts() --
x dplyr::filter() masks stats::filter()
x dplyr::lag()    masks stats::lag()
i Use the conflicted package (<http://conflicted.r-lib.org/>) to force all conflicts to become errors
Rows: 24 Columns: 2
-- Column specification --------------------------------------------------------
Delimiter: ","
chr (2): team_fbref, team_sheet

i Use `spec()` to retrieve the full column specification for this data.
i Specify the column types or set `show_col_types = FALSE` to quiet this message.
> Data last updated 2024-08-22 17:30:24.9520580768585 UTC
! Using an auto-discovered, cached token.
  To suppress this message, modify your code or options to clearly consent to
  the use of a cached token.
  See gargle's "Non-interactive auth" vignette for more details:
  <https://gargle.r-lib.org/articles/non-interactive-auth.html>
i The googlesheets4 package is using a cached token for
  'benbowenwieland@gmail.com'.
Auto-refreshing stale OAuth token.
v Writing to "2024-25 EFL Championship Prediction Game".
v Writing to sheet 'rawtable'.
-- Attaching core tidyverse packages ------------------------ tidyverse 2.0.0 --
v dplyr     1.1.4     v readr     2.1.5
v forcats   1.0.0     v stringr   1.5.1
v ggplot2   3.5.1     v tibble    3.2.1
v lubridate 1.9.3     v tidyr     1.3.1
v purrr     1.0.2     
-- Conflicts ------------------------------------------ tidyverse_conflicts() --
x dplyr::filter() masks stats::filter()
x dplyr::lag()    masks stats::lag()
i Use the conflicted package (<http://conflicted.r-lib.org/>) to force all conflicts to become errors
Rows: 24 Columns: 2
-- Column specification --------------------------------------------------------
Delimiter: ","
chr (2): team_fbref, team_sheet

i Use `spec()` to retrieve the full column specification for this data.
i Specify the column types or set `show_col_types = FALSE` to quiet this message.
> Data last updated 2024-08-25 17:31:45.752464056015 UTC
! Using an auto-discovered, cached token.
  To suppress this message, modify your code or options to clearly consent to
  the use of a cached token.
  See gargle's "Non-interactive auth" vignette for more details:
  <https://gargle.r-lib.org/articles/non-interactive-auth.html>
i The googlesheets4 package is using a cached token for
  'benbowenwieland@gmail.com'.
Auto-refreshing stale OAuth token.
v Writing to "2024-25 EFL Championship Prediction Game".
v Writing to sheet 'rawtable'.
-- Attaching core tidyverse packages ------------------------ tidyverse 2.0.0 --
v dplyr     1.1.4     v readr     2.1.5
v forcats   1.0.0     v stringr   1.5.1
v ggplot2   3.5.1     v tibble    3.2.1
v lubridate 1.9.3     v tidyr     1.3.1
v purrr     1.0.2     
-- Conflicts ------------------------------------------ tidyverse_conflicts() --
x dplyr::filter() masks stats::filter()
x dplyr::lag()    masks stats::lag()
i Use the conflicted package (<http://conflicted.r-lib.org/>) to force all conflicts to become errors
Rows: 24 Columns: 2
-- Column specification --------------------------------------------------------
Delimiter: ","
chr (2): team_fbref, team_sheet

i Use `spec()` to retrieve the full column specification for this data.
i Specify the column types or set `show_col_types = FALSE` to quiet this message.
> Data last updated 2024-08-27 17:30:13.7952580451965 UTC
! Using an auto-discovered, cached token.
  To suppress this message, modify your code or options to clearly consent to
  the use of a cached token.
  See gargle's "Non-interactive auth" vignette for more details:
  <https://gargle.r-lib.org/articles/non-interactive-auth.html>
i The googlesheets4 package is using a cached token for
  'benbowenwieland@gmail.com'.
Auto-refreshing stale OAuth token.
v Writing to "2024-25 EFL Championship Prediction Game".
v Writing to sheet 'rawtable'.
-- Attaching core tidyverse packages ------------------------ tidyverse 2.0.0 --
v dplyr     1.1.4     v readr     2.1.5
v forcats   1.0.0     v stringr   1.5.1
v ggplot2   3.5.1     v tibble    3.2.1
v lubridate 1.9.3     v tidyr     1.3.1
v purrr     1.0.2     
-- Conflicts ------------------------------------------ tidyverse_conflicts() --
x dplyr::filter() masks stats::filter()
x dplyr::lag()    masks stats::lag()
i Use the conflicted package (<http://conflicted.r-lib.org/>) to force all conflicts to become errors
Rows: 24 Columns: 2
-- Column specification --------------------------------------------------------
Delimiter: ","
chr (2): team_fbref, team_sheet

i Use `spec()` to retrieve the full column specification for this data.
i Specify the column types or set `show_col_types = FALSE` to quiet this message.
> Data last updated 2024-08-27 17:30:13.7952580451965 UTC
! Using an auto-discovered, cached token.
  To suppress this message, modify your code or options to clearly consent to
  the use of a cached token.
  See gargle's "Non-interactive auth" vignette for more details:
  <https://gargle.r-lib.org/articles/non-interactive-auth.html>
i The googlesheets4 package is using a cached token for
  'benbowenwieland@gmail.com'.
Auto-refreshing stale OAuth token.
v Writing to "2024-25 EFL Championship Prediction Game".
v Writing to sheet 'rawtable'.
-- Attaching core tidyverse packages ------------------------ tidyverse 2.0.0 --
v dplyr     1.1.4     v readr     2.1.5
v forcats   1.0.0     v stringr   1.5.1
v ggplot2   3.5.1     v tibble    3.2.1
v lubridate 1.9.3     v tidyr     1.3.1
v purrr     1.0.2     
-- Conflicts ------------------------------------------ tidyverse_conflicts() --
x dplyr::filter() masks stats::filter()
x dplyr::lag()    masks stats::lag()
i Use the conflicted package (<http://conflicted.r-lib.org/>) to force all conflicts to become errors
Rows: 24 Columns: 2
-- Column specification --------------------------------------------------------
Delimiter: ","
chr (2): team_fbref, team_sheet

i Use `spec()` to retrieve the full column specification for this data.
i Specify the column types or set `show_col_types = FALSE` to quiet this message.
> Data last updated 2024-08-27 17:30:13.7952580451965 UTC
! Using an auto-discovered, cached token.
  To suppress this message, modify your code or options to clearly consent to
  the use of a cached token.
  See gargle's "Non-interactive auth" vignette for more details:
  <https://gargle.r-lib.org/articles/non-interactive-auth.html>
i The googlesheets4 package is using a cached token for
  'benbowenwieland@gmail.com'.
Auto-refreshing stale OAuth token.
v Writing to "2024-25 EFL Championship Prediction Game".
v Writing to sheet 'rawtable'.
-- Attaching core tidyverse packages ------------------------ tidyverse 2.0.0 --
v dplyr     1.1.4     v readr     2.1.5
v forcats   1.0.0     v stringr   1.5.1
v ggplot2   3.5.1     v tibble    3.2.1
v lubridate 1.9.3     v tidyr     1.3.1
v purrr     1.0.2     
-- Conflicts ------------------------------------------ tidyverse_conflicts() --
x dplyr::filter() masks stats::filter()
x dplyr::lag()    masks stats::lag()
i Use the conflicted package (<http://conflicted.r-lib.org/>) to force all conflicts to become errors
Rows: 24 Columns: 2
-- Column specification --------------------------------------------------------
Delimiter: ","
chr (2): team_fbref, team_sheet

i Use `spec()` to retrieve the full column specification for this data.
i Specify the column types or set `show_col_types = FALSE` to quiet this message.
> Data last updated 2024-08-27 17:30:13.7952580451965 UTC
! Using an auto-discovered, cached token.
  To suppress this message, modify your code or options to clearly consent to
  the use of a cached token.
  See gargle's "Non-interactive auth" vignette for more details:
  <https://gargle.r-lib.org/articles/non-interactive-auth.html>
i The googlesheets4 package is using a cached token for
  'benbowenwieland@gmail.com'.
Auto-refreshing stale OAuth token.
v Writing to "2024-25 EFL Championship Prediction Game".
v Writing to sheet 'rawtable'.
-- Attaching core tidyverse packages ------------------------ tidyverse 2.0.0 --
v dplyr     1.1.4     v readr     2.1.5
v forcats   1.0.0     v stringr   1.5.1
v ggplot2   3.5.1     v tibble    3.2.1
v lubridate 1.9.3     v tidyr     1.3.1
v purrr     1.0.2     
-- Conflicts ------------------------------------------ tidyverse_conflicts() --
x dplyr::filter() masks stats::filter()
x dplyr::lag()    masks stats::lag()
i Use the conflicted package (<http://conflicted.r-lib.org/>) to force all conflicts to become errors
Rows: 24 Columns: 2
-- Column specification --------------------------------------------------------
Delimiter: ","
chr (2): team_fbref, team_sheet

i Use `spec()` to retrieve the full column specification for this data.
i Specify the column types or set `show_col_types = FALSE` to quiet this message.
> Data last updated 2024-09-01 17:28:55.321496963501 UTC
! Using an auto-discovered, cached token.
  To suppress this message, modify your code or options to clearly consent to
  the use of a cached token.
  See gargle's "Non-interactive auth" vignette for more details:
  <https://gargle.r-lib.org/articles/non-interactive-auth.html>
i The googlesheets4 package is using a cached token for
  'benbowenwieland@gmail.com'.
Auto-refreshing stale OAuth token.
v Writing to "2024-25 EFL Championship Prediction Game".
v Writing to sheet 'rawtable'.
-- Attaching core tidyverse packages ------------------------ tidyverse 2.0.0 --
v dplyr     1.1.4     v readr     2.1.5
v forcats   1.0.0     v stringr   1.5.1
v ggplot2   3.5.1     v tibble    3.2.1
v lubridate 1.9.3     v tidyr     1.3.1
v purrr     1.0.2     
-- Conflicts ------------------------------------------ tidyverse_conflicts() --
x dplyr::filter() masks stats::filter()
x dplyr::lag()    masks stats::lag()
i Use the conflicted package (<http://conflicted.r-lib.org/>) to force all conflicts to become errors
Rows: 24 Columns: 2
-- Column specification --------------------------------------------------------
Delimiter: ","
chr (2): team_fbref, team_sheet

i Use `spec()` to retrieve the full column specification for this data.
i Specify the column types or set `show_col_types = FALSE` to quiet this message.
> Data last updated 2024-09-01 17:28:55.321496963501 UTC
! Using an auto-discovered, cached token.
  To suppress this message, modify your code or options to clearly consent to
  the use of a cached token.
  See gargle's "Non-interactive auth" vignette for more details:
  <https://gargle.r-lib.org/articles/non-interactive-auth.html>
i The googlesheets4 package is using a cached token for
  'benbowenwieland@gmail.com'.
Auto-refreshing stale OAuth token.
v Writing to "2024-25 EFL Championship Prediction Game".
v Writing to sheet 'rawtable'.
-- Attaching core tidyverse packages ------------------------ tidyverse 2.0.0 --
v dplyr     1.1.4     v readr     2.1.5
v forcats   1.0.0     v stringr   1.5.1
v ggplot2   3.5.1     v tibble    3.2.1
v lubridate 1.9.3     v tidyr     1.3.1
v purrr     1.0.2     
-- Conflicts ------------------------------------------ tidyverse_conflicts() --
x dplyr::filter() masks stats::filter()
x dplyr::lag()    masks stats::lag()
i Use the conflicted package (<http://conflicted.r-lib.org/>) to force all conflicts to become errors
Rows: 24 Columns: 2
-- Column specification --------------------------------------------------------
Delimiter: ","
chr (2): team_fbref, team_sheet

i Use `spec()` to retrieve the full column specification for this data.
i Specify the column types or set `show_col_types = FALSE` to quiet this message.
> Data last updated 2024-09-03 17:31:13.8984050750732 UTC
! Using an auto-discovered, cached token.
  To suppress this message, modify your code or options to clearly consent to
  the use of a cached token.
  See gargle's "Non-interactive auth" vignette for more details:
  <https://gargle.r-lib.org/articles/non-interactive-auth.html>
i The googlesheets4 package is using a cached token for
  'benbowenwieland@gmail.com'.
Auto-refreshing stale OAuth token.
v Writing to "2024-25 EFL Championship Prediction Game".
v Writing to sheet 'rawtable'.
-- Attaching core tidyverse packages ------------------------ tidyverse 2.0.0 --
v dplyr     1.1.4     v readr     2.1.5
v forcats   1.0.0     v stringr   1.5.1
v ggplot2   3.5.1     v tibble    3.2.1
v lubridate 1.9.3     v tidyr     1.3.1
v purrr     1.0.2     
-- Conflicts ------------------------------------------ tidyverse_conflicts() --
x dplyr::filter() masks stats::filter()
x dplyr::lag()    masks stats::lag()
i Use the conflicted package (<http://conflicted.r-lib.org/>) to force all conflicts to become errors
Rows: 24 Columns: 2
-- Column specification --------------------------------------------------------
Delimiter: ","
chr (2): team_fbref, team_sheet

i Use `spec()` to retrieve the full column specification for this data.
i Specify the column types or set `show_col_types = FALSE` to quiet this message.
> Data last updated 2024-09-03 17:31:13.8984050750732 UTC
! Using an auto-discovered, cached token.
  To suppress this message, modify your code or options to clearly consent to
  the use of a cached token.
  See gargle's "Non-interactive auth" vignette for more details:
  <https://gargle.r-lib.org/articles/non-interactive-auth.html>
i The googlesheets4 package is using a cached token for
  'benbowenwieland@gmail.com'.
Auto-refreshing stale OAuth token.
v Writing to "2024-25 EFL Championship Prediction Game".
v Writing to sheet 'rawtable'.
-- Attaching core tidyverse packages ------------------------ tidyverse 2.0.0 --
v dplyr     1.1.4     v readr     2.1.5
v forcats   1.0.0     v stringr   1.5.1
v ggplot2   3.5.1     v tibble    3.2.1
v lubridate 1.9.3     v tidyr     1.3.1
v purrr     1.0.2     
-- Conflicts ------------------------------------------ tidyverse_conflicts() --
x dplyr::filter() masks stats::filter()
x dplyr::lag()    masks stats::lag()
i Use the conflicted package (<http://conflicted.r-lib.org/>) to force all conflicts to become errors
Rows: 24 Columns: 2
-- Column specification --------------------------------------------------------
Delimiter: ","
chr (2): team_fbref, team_sheet

i Use `spec()` to retrieve the full column specification for this data.
i Specify the column types or set `show_col_types = FALSE` to quiet this message.
> Data last updated 2024-09-05 17:30:28.5485429763794 UTC
! Using an auto-discovered, cached token.
  To suppress this message, modify your code or options to clearly consent to
  the use of a cached token.
  See gargle's "Non-interactive auth" vignette for more details:
  <https://gargle.r-lib.org/articles/non-interactive-auth.html>
i The googlesheets4 package is using a cached token for
  'benbowenwieland@gmail.com'.
Auto-refreshing stale OAuth token.
v Writing to "2024-25 EFL Championship Prediction Game".
v Writing to sheet 'rawtable'.
-- Attaching core tidyverse packages ------------------------ tidyverse 2.0.0 --
v dplyr     1.1.4     v readr     2.1.5
v forcats   1.0.0     v stringr   1.5.1
v ggplot2   3.5.1     v tibble    3.2.1
v lubridate 1.9.3     v tidyr     1.3.1
v purrr     1.0.2     
-- Conflicts ------------------------------------------ tidyverse_conflicts() --
x dplyr::filter() masks stats::filter()
x dplyr::lag()    masks stats::lag()
i Use the conflicted package (<http://conflicted.r-lib.org/>) to force all conflicts to become errors
Rows: 24 Columns: 2
-- Column specification --------------------------------------------------------
Delimiter: ","
chr (2): team_fbref, team_sheet

i Use `spec()` to retrieve the full column specification for this data.
i Specify the column types or set `show_col_types = FALSE` to quiet this message.
> Data last updated 2024-09-05 17:30:28.5485429763794 UTC
! Using an auto-discovered, cached token.
  To suppress this message, modify your code or options to clearly consent to
  the use of a cached token.
  See gargle's "Non-interactive auth" vignette for more details:
  <https://gargle.r-lib.org/articles/non-interactive-auth.html>
i The googlesheets4 package is using a cached token for
  'benbowenwieland@gmail.com'.
Auto-refreshing stale OAuth token.
v Writing to "2024-25 EFL Championship Prediction Game".
v Writing to sheet 'rawtable'.
-- Attaching core tidyverse packages ------------------------ tidyverse 2.0.0 --
v dplyr     1.1.4     v readr     2.1.5
v forcats   1.0.0     v stringr   1.5.1
v ggplot2   3.5.1     v tibble    3.2.1
v lubridate 1.9.3     v tidyr     1.3.1
v purrr     1.0.2     
-- Conflicts ------------------------------------------ tidyverse_conflicts() --
x dplyr::filter() masks stats::filter()
x dplyr::lag()    masks stats::lag()
i Use the conflicted package (<http://conflicted.r-lib.org/>) to force all conflicts to become errors
Rows: 24 Columns: 2
-- Column specification --------------------------------------------------------
Delimiter: ","
chr (2): team_fbref, team_sheet

i Use `spec()` to retrieve the full column specification for this data.
i Specify the column types or set `show_col_types = FALSE` to quiet this message.
> Data last updated 2024-09-05 17:30:28.5485429763794 UTC
! Using an auto-discovered, cached token.
  To suppress this message, modify your code or options to clearly consent to
  the use of a cached token.
  See gargle's "Non-interactive auth" vignette for more details:
  <https://gargle.r-lib.org/articles/non-interactive-auth.html>
i The googlesheets4 package is using a cached token for
  'benbowenwieland@gmail.com'.
Auto-refreshing stale OAuth token.
v Writing to "2024-25 EFL Championship Prediction Game".
v Writing to sheet 'rawtable'.
-- Attaching core tidyverse packages ------------------------ tidyverse 2.0.0 --
v dplyr     1.1.4     v readr     2.1.5
v forcats   1.0.0     v stringr   1.5.1
v ggplot2   3.5.1     v tibble    3.2.1
v lubridate 1.9.3     v tidyr     1.3.1
v purrr     1.0.2     
-- Conflicts ------------------------------------------ tidyverse_conflicts() --
x dplyr::filter() masks stats::filter()
x dplyr::lag()    masks stats::lag()
i Use the conflicted package (<http://conflicted.r-lib.org/>) to force all conflicts to become errors
Rows: 24 Columns: 2
-- Column specification --------------------------------------------------------
Delimiter: ","
chr (2): team_fbref, team_sheet

i Use `spec()` to retrieve the full column specification for this data.
i Specify the column types or set `show_col_types = FALSE` to quiet this message.
> Data last updated 2024-09-10 17:30:36.3201589584351 UTC
! Using an auto-discovered, cached token.
  To suppress this message, modify your code or options to clearly consent to
  the use of a cached token.
  See gargle's "Non-interactive auth" vignette for more details:
  <https://gargle.r-lib.org/articles/non-interactive-auth.html>
i The googlesheets4 package is using a cached token for
  'benbowenwieland@gmail.com'.
Auto-refreshing stale OAuth token.
v Writing to "2024-25 EFL Championship Prediction Game".
v Writing to sheet 'rawtable'.
-- Attaching core tidyverse packages ------------------------ tidyverse 2.0.0 --
v dplyr     1.1.4     v readr     2.1.5
v forcats   1.0.0     v stringr   1.5.1
v ggplot2   3.5.1     v tibble    3.2.1
v lubridate 1.9.3     v tidyr     1.3.1
v purrr     1.0.2     
-- Conflicts ------------------------------------------ tidyverse_conflicts() --
x dplyr::filter() masks stats::filter()
x dplyr::lag()    masks stats::lag()
i Use the conflicted package (<http://conflicted.r-lib.org/>) to force all conflicts to become errors
Rows: 24 Columns: 2
-- Column specification --------------------------------------------------------
Delimiter: ","
chr (2): team_fbref, team_sheet

i Use `spec()` to retrieve the full column specification for this data.
i Specify the column types or set `show_col_types = FALSE` to quiet this message.
> Data last updated 2024-09-10 17:30:36.3201589584351 UTC
! Using an auto-discovered, cached token.
  To suppress this message, modify your code or options to clearly consent to
  the use of a cached token.
  See gargle's "Non-interactive auth" vignette for more details:
  <https://gargle.r-lib.org/articles/non-interactive-auth.html>
i The googlesheets4 package is using a cached token for
  'benbowenwieland@gmail.com'.
Auto-refreshing stale OAuth token.
v Writing to "2024-25 EFL Championship Prediction Game".
v Writing to sheet 'rawtable'.
-- Attaching core tidyverse packages ------------------------ tidyverse 2.0.0 --
v dplyr     1.1.4     v readr     2.1.5
v forcats   1.0.0     v stringr   1.5.1
v ggplot2   3.5.1     v tibble    3.2.1
v lubridate 1.9.3     v tidyr     1.3.1
v purrr     1.0.2     
-- Conflicts ------------------------------------------ tidyverse_conflicts() --
x dplyr::filter() masks stats::filter()
x dplyr::lag()    masks stats::lag()
i Use the conflicted package (<http://conflicted.r-lib.org/>) to force all conflicts to become errors
Rows: 24 Columns: 2
-- Column specification --------------------------------------------------------
Delimiter: ","
chr (2): team_fbref, team_sheet

i Use `spec()` to retrieve the full column specification for this data.
i Specify the column types or set `show_col_types = FALSE` to quiet this message.
> Data last updated 2024-09-12 17:31:23.7388050556183 UTC
! Using an auto-discovered, cached token.
  To suppress this message, modify your code or options to clearly consent to
  the use of a cached token.
  See gargle's "Non-interactive auth" vignette for more details:
  <https://gargle.r-lib.org/articles/non-interactive-auth.html>
i The googlesheets4 package is using a cached token for
  'benbowenwieland@gmail.com'.
Auto-refreshing stale OAuth token.
v Writing to "2024-25 EFL Championship Prediction Game".
v Writing to sheet 'rawtable'.
-- Attaching core tidyverse packages ------------------------ tidyverse 2.0.0 --
v dplyr     1.1.4     v readr     2.1.5
v forcats   1.0.0     v stringr   1.5.1
v ggplot2   3.5.1     v tibble    3.2.1
v lubridate 1.9.3     v tidyr     1.3.1
v purrr     1.0.2     
-- Conflicts ------------------------------------------ tidyverse_conflicts() --
x dplyr::filter() masks stats::filter()
x dplyr::lag()    masks stats::lag()
i Use the conflicted package (<http://conflicted.r-lib.org/>) to force all conflicts to become errors
Rows: 24 Columns: 2
-- Column specification --------------------------------------------------------
Delimiter: ","
chr (2): team_fbref, team_sheet

i Use `spec()` to retrieve the full column specification for this data.
i Specify the column types or set `show_col_types = FALSE` to quiet this message.
> Data last updated 2024-09-12 17:31:23.7388050556183 UTC
! Using an auto-discovered, cached token.
  To suppress this message, modify your code or options to clearly consent to
  the use of a cached token.
  See gargle's "Non-interactive auth" vignette for more details:
  <https://gargle.r-lib.org/articles/non-interactive-auth.html>
i The googlesheets4 package is using a cached token for
  'benbowenwieland@gmail.com'.
Auto-refreshing stale OAuth token.
v Writing to "2024-25 EFL Championship Prediction Game".
v Writing to sheet 'rawtable'.
-- Attaching core tidyverse packages ------------------------ tidyverse 2.0.0 --
v dplyr     1.1.4     v readr     2.1.5
v forcats   1.0.0     v stringr   1.5.1
v ggplot2   3.5.1     v tibble    3.2.1
v lubridate 1.9.3     v tidyr     1.3.1
v purrr     1.0.2     
-- Conflicts ------------------------------------------ tidyverse_conflicts() --
x dplyr::filter() masks stats::filter()
x dplyr::lag()    masks stats::lag()
i Use the conflicted package (<http://conflicted.r-lib.org/>) to force all conflicts to become errors
Rows: 24 Columns: 2
-- Column specification --------------------------------------------------------
Delimiter: ","
chr (2): team_fbref, team_sheet

i Use `spec()` to retrieve the full column specification for this data.
i Specify the column types or set `show_col_types = FALSE` to quiet this message.
> Data last updated 2024-09-15 17:29:13.2866220474243 UTC
! Using an auto-discovered, cached token.
  To suppress this message, modify your code or options to clearly consent to
  the use of a cached token.
  See gargle's "Non-interactive auth" vignette for more details:
  <https://gargle.r-lib.org/articles/non-interactive-auth.html>
i The googlesheets4 package is using a cached token for
  'benbowenwieland@gmail.com'.
Auto-refreshing stale OAuth token.
v Writing to "2024-25 EFL Championship Prediction Game".
v Writing to sheet 'rawtable'.
-- Attaching core tidyverse packages ------------------------ tidyverse 2.0.0 --
v dplyr     1.1.4     v readr     2.1.5
v forcats   1.0.0     v stringr   1.5.1
v ggplot2   3.5.1     v tibble    3.2.1
v lubridate 1.9.3     v tidyr     1.3.1
v purrr     1.0.2     
-- Conflicts ------------------------------------------ tidyverse_conflicts() --
x dplyr::filter() masks stats::filter()
x dplyr::lag()    masks stats::lag()
i Use the conflicted package (<http://conflicted.r-lib.org/>) to force all conflicts to become errors
Rows: 24 Columns: 2
-- Column specification --------------------------------------------------------
Delimiter: ","
chr (2): team_fbref, team_sheet

i Use `spec()` to retrieve the full column specification for this data.
i Specify the column types or set `show_col_types = FALSE` to quiet this message.
> Data last updated 2024-09-15 17:29:13.2866220474243 UTC
! Using an auto-discovered, cached token.
  To suppress this message, modify your code or options to clearly consent to
  the use of a cached token.
  See gargle's "Non-interactive auth" vignette for more details:
  <https://gargle.r-lib.org/articles/non-interactive-auth.html>
i The googlesheets4 package is using a cached token for
  'benbowenwieland@gmail.com'.
Auto-refreshing stale OAuth token.
v Writing to "2024-25 EFL Championship Prediction Game".
v Writing to sheet 'rawtable'.
-- Attaching core tidyverse packages ------------------------ tidyverse 2.0.0 --
v dplyr     1.1.4     v readr     2.1.5
v forcats   1.0.0     v stringr   1.5.1
v ggplot2   3.5.1     v tibble    3.2.1
v lubridate 1.9.3     v tidyr     1.3.1
v purrr     1.0.2     
-- Conflicts ------------------------------------------ tidyverse_conflicts() --
x dplyr::filter() masks stats::filter()
x dplyr::lag()    masks stats::lag()
i Use the conflicted package (<http://conflicted.r-lib.org/>) to force all conflicts to become errors
Rows: 24 Columns: 2
-- Column specification --------------------------------------------------------
Delimiter: ","
chr (2): team_fbref, team_sheet

i Use `spec()` to retrieve the full column specification for this data.
i Specify the column types or set `show_col_types = FALSE` to quiet this message.
> Data last updated 2024-09-17 17:32:12.0139319896698 UTC
! Using an auto-discovered, cached token.
  To suppress this message, modify your code or options to clearly consent to
  the use of a cached token.
  See gargle's "Non-interactive auth" vignette for more details:
  <https://gargle.r-lib.org/articles/non-interactive-auth.html>
i The googlesheets4 package is using a cached token for
  'benbowenwieland@gmail.com'.
Auto-refreshing stale OAuth token.
v Writing to "2024-25 EFL Championship Prediction Game".
v Writing to sheet 'rawtable'.
-- Attaching core tidyverse packages ------------------------ tidyverse 2.0.0 --
v dplyr     1.1.4     v readr     2.1.5
v forcats   1.0.0     v stringr   1.5.1
v ggplot2   3.5.1     v tibble    3.2.1
v lubridate 1.9.3     v tidyr     1.3.1
v purrr     1.0.2     
-- Conflicts ------------------------------------------ tidyverse_conflicts() --
x dplyr::filter() masks stats::filter()
x dplyr::lag()    masks stats::lag()
i Use the conflicted package (<http://conflicted.r-lib.org/>) to force all conflicts to become errors
Rows: 24 Columns: 2
-- Column specification --------------------------------------------------------
Delimiter: ","
chr (2): team_fbref, team_sheet

i Use `spec()` to retrieve the full column specification for this data.
i Specify the column types or set `show_col_types = FALSE` to quiet this message.
> Data last updated 2024-09-19 17:31:25.2404789924622 UTC
! Using an auto-discovered, cached token.
  To suppress this message, modify your code or options to clearly consent to
  the use of a cached token.
  See gargle's "Non-interactive auth" vignette for more details:
  <https://gargle.r-lib.org/articles/non-interactive-auth.html>
i The googlesheets4 package is using a cached token for
  'benbowenwieland@gmail.com'.
Auto-refreshing stale OAuth token.
v Writing to "2024-25 EFL Championship Prediction Game".
v Writing to sheet 'rawtable'.
-- Attaching core tidyverse packages ------------------------ tidyverse 2.0.0 --
v dplyr     1.1.4     v readr     2.1.5
v forcats   1.0.0     v stringr   1.5.1
v ggplot2   3.5.1     v tibble    3.2.1
v lubridate 1.9.3     v tidyr     1.3.1
v purrr     1.0.2     
-- Conflicts ------------------------------------------ tidyverse_conflicts() --
x dplyr::filter() masks stats::filter()
x dplyr::lag()    masks stats::lag()
i Use the conflicted package (<http://conflicted.r-lib.org/>) to force all conflicts to become errors
Rows: 24 Columns: 2
-- Column specification --------------------------------------------------------
Delimiter: ","
chr (2): team_fbref, team_sheet

i Use `spec()` to retrieve the full column specification for this data.
i Specify the column types or set `show_col_types = FALSE` to quiet this message.
> Data last updated 2024-09-22 17:31:31.3450789451599 UTC
! Using an auto-discovered, cached token.
  To suppress this message, modify your code or options to clearly consent to
  the use of a cached token.
  See gargle's "Non-interactive auth" vignette for more details:
  <https://gargle.r-lib.org/articles/non-interactive-auth.html>
i The googlesheets4 package is using a cached token for
  'benbowenwieland@gmail.com'.
Auto-refreshing stale OAuth token.
v Writing to "2024-25 EFL Championship Prediction Game".
v Writing to sheet 'rawtable'.
-- Attaching core tidyverse packages ------------------------ tidyverse 2.0.0 --
v dplyr     1.1.4     v readr     2.1.5
v forcats   1.0.0     v stringr   1.5.1
v ggplot2   3.5.1     v tibble    3.2.1
v lubridate 1.9.3     v tidyr     1.3.1
v purrr     1.0.2     
-- Conflicts ------------------------------------------ tidyverse_conflicts() --
x dplyr::filter() masks stats::filter()
x dplyr::lag()    masks stats::lag()
i Use the conflicted package (<http://conflicted.r-lib.org/>) to force all conflicts to become errors
Rows: 24 Columns: 2
-- Column specification --------------------------------------------------------
Delimiter: ","
chr (2): team_fbref, team_sheet

i Use `spec()` to retrieve the full column specification for this data.
i Specify the column types or set `show_col_types = FALSE` to quiet this message.
> Data last updated 2024-09-26 17:34:45.6488890647888 UTC
! Using an auto-discovered, cached token.
  To suppress this message, modify your code or options to clearly consent to
  the use of a cached token.
  See gargle's "Non-interactive auth" vignette for more details:
  <https://gargle.r-lib.org/articles/non-interactive-auth.html>
i The googlesheets4 package is using a cached token for
  'benbowenwieland@gmail.com'.
Auto-refreshing stale OAuth token.
v Writing to "2024-25 EFL Championship Prediction Game".
v Writing to sheet 'rawtable'.
-- Attaching core tidyverse packages ------------------------ tidyverse 2.0.0 --
v dplyr     1.1.4     v readr     2.1.5
v forcats   1.0.0     v stringr   1.5.1
v ggplot2   3.5.1     v tibble    3.2.1
v lubridate 1.9.3     v tidyr     1.3.1
v purrr     1.0.2     
-- Conflicts ------------------------------------------ tidyverse_conflicts() --
x dplyr::filter() masks stats::filter()
x dplyr::lag()    masks stats::lag()
i Use the conflicted package (<http://conflicted.r-lib.org/>) to force all conflicts to become errors
Rows: 24 Columns: 2
-- Column specification --------------------------------------------------------
Delimiter: ","
chr (2): team_fbref, team_sheet

i Use `spec()` to retrieve the full column specification for this data.
i Specify the column types or set `show_col_types = FALSE` to quiet this message.
> Data last updated 2024-09-26 17:34:45.6488890647888 UTC
! Using an auto-discovered, cached token.
  To suppress this message, modify your code or options to clearly consent to
  the use of a cached token.
  See gargle's "Non-interactive auth" vignette for more details:
  <https://gargle.r-lib.org/articles/non-interactive-auth.html>
i The googlesheets4 package is using a cached token for
  'benbowenwieland@gmail.com'.
Auto-refreshing stale OAuth token.
v Writing to "2024-25 EFL Championship Prediction Game".
v Writing to sheet 'rawtable'.
-- Attaching core tidyverse packages ------------------------ tidyverse 2.0.0 --
v dplyr     1.1.4     v readr     2.1.5
v forcats   1.0.0     v stringr   1.5.1
v ggplot2   3.5.1     v tibble    3.2.1
v lubridate 1.9.3     v tidyr     1.3.1
v purrr     1.0.2     
-- Conflicts ------------------------------------------ tidyverse_conflicts() --
x dplyr::filter() masks stats::filter()
x dplyr::lag()    masks stats::lag()
i Use the conflicted package (<http://conflicted.r-lib.org/>) to force all conflicts to become errors
Rows: 24 Columns: 2
-- Column specification --------------------------------------------------------
Delimiter: ","
chr (2): team_fbref, team_sheet

i Use `spec()` to retrieve the full column specification for this data.
i Specify the column types or set `show_col_types = FALSE` to quiet this message.
> Data last updated 2024-09-26 17:34:45.6488890647888 UTC
! Using an auto-discovered, cached token.
  To suppress this message, modify your code or options to clearly consent to
  the use of a cached token.
  See gargle's "Non-interactive auth" vignette for more details:
  <https://gargle.r-lib.org/articles/non-interactive-auth.html>
i The googlesheets4 package is using a cached token for
  'benbowenwieland@gmail.com'.
Auto-refreshing stale OAuth token.
v Writing to "2024-25 EFL Championship Prediction Game".
v Writing to sheet 'rawtable'.
-- Attaching core tidyverse packages ------------------------ tidyverse 2.0.0 --
v dplyr     1.1.4     v readr     2.1.5
v forcats   1.0.0     v stringr   1.5.1
v ggplot2   3.5.1     v tibble    3.2.1
v lubridate 1.9.3     v tidyr     1.3.1
v purrr     1.0.2     
-- Conflicts ------------------------------------------ tidyverse_conflicts() --
x dplyr::filter() masks stats::filter()
x dplyr::lag()    masks stats::lag()
i Use the conflicted package (<http://conflicted.r-lib.org/>) to force all conflicts to become errors
Rows: 24 Columns: 2
-- Column specification --------------------------------------------------------
Delimiter: ","
chr (2): team_fbref, team_sheet

i Use `spec()` to retrieve the full column specification for this data.
i Specify the column types or set `show_col_types = FALSE` to quiet this message.
> Data last updated 2024-10-01 17:32:12.5655379295349 UTC
! Using an auto-discovered, cached token.
  To suppress this message, modify your code or options to clearly consent to
  the use of a cached token.
  See gargle's "Non-interactive auth" vignette for more details:
  <https://gargle.r-lib.org/articles/non-interactive-auth.html>
i The googlesheets4 package is using a cached token for
  'benbowenwieland@gmail.com'.
Auto-refreshing stale OAuth token.
v Writing to "2024-25 EFL Championship Prediction Game".
v Writing to sheet 'rawtable'.
-- Attaching core tidyverse packages ------------------------ tidyverse 2.0.0 --
v dplyr     1.1.4     v readr     2.1.5
v forcats   1.0.0     v stringr   1.5.1
v ggplot2   3.5.1     v tibble    3.2.1
v lubridate 1.9.3     v tidyr     1.3.1
v purrr     1.0.2     
-- Conflicts ------------------------------------------ tidyverse_conflicts() --
x dplyr::filter() masks stats::filter()
x dplyr::lag()    masks stats::lag()
i Use the conflicted package (<http://conflicted.r-lib.org/>) to force all conflicts to become errors
Rows: 24 Columns: 2
-- Column specification --------------------------------------------------------
Delimiter: ","
chr (2): team_fbref, team_sheet

i Use `spec()` to retrieve the full column specification for this data.
i Specify the column types or set `show_col_types = FALSE` to quiet this message.
> Data last updated 2024-10-03 17:33:30.7850348949432 UTC
! Using an auto-discovered, cached token.
  To suppress this message, modify your code or options to clearly consent to
  the use of a cached token.
  See gargle's "Non-interactive auth" vignette for more details:
  <https://gargle.r-lib.org/articles/non-interactive-auth.html>
i The googlesheets4 package is using a cached token for
  'benbowenwieland@gmail.com'.
Auto-refreshing stale OAuth token.
v Writing to "2024-25 EFL Championship Prediction Game".
v Writing to sheet 'rawtable'.
-- Attaching core tidyverse packages ------------------------ tidyverse 2.0.0 --
v dplyr     1.1.4     v readr     2.1.5
v forcats   1.0.0     v stringr   1.5.1
v ggplot2   3.5.1     v tibble    3.2.1
v lubridate 1.9.3     v tidyr     1.3.1
v purrr     1.0.2     
-- Conflicts ------------------------------------------ tidyverse_conflicts() --
x dplyr::filter() masks stats::filter()
x dplyr::lag()    masks stats::lag()
i Use the conflicted package (<http://conflicted.r-lib.org/>) to force all conflicts to become errors
Rows: 24 Columns: 2
-- Column specification --------------------------------------------------------
Delimiter: ","
chr (2): team_fbref, team_sheet

i Use `spec()` to retrieve the full column specification for this data.
i Specify the column types or set `show_col_types = FALSE` to quiet this message.
> Data last updated 2024-10-08 17:32:01.22522306442261 UTC
! Using an auto-discovered, cached token.
  To suppress this message, modify your code or options to clearly consent to
  the use of a cached token.
  See gargle's "Non-interactive auth" vignette for more details:
  <https://gargle.r-lib.org/articles/non-interactive-auth.html>
i The googlesheets4 package is using a cached token for
  'benbowenwieland@gmail.com'.
Auto-refreshing stale OAuth token.
v Writing to "2024-25 EFL Championship Prediction Game".
v Writing to sheet 'rawtable'.
-- Attaching core tidyverse packages ------------------------ tidyverse 2.0.0 --
v dplyr     1.1.4     v readr     2.1.5
v forcats   1.0.0     v stringr   1.5.1
v ggplot2   3.5.1     v tibble    3.2.1
v lubridate 1.9.3     v tidyr     1.3.1
v purrr     1.0.2     
-- Conflicts ------------------------------------------ tidyverse_conflicts() --
x dplyr::filter() masks stats::filter()
x dplyr::lag()    masks stats::lag()
i Use the conflicted package (<http://conflicted.r-lib.org/>) to force all conflicts to become errors
Rows: 24 Columns: 2
-- Column specification --------------------------------------------------------
Delimiter: ","
chr (2): team_fbref, team_sheet

i Use `spec()` to retrieve the full column specification for this data.
i Specify the column types or set `show_col_types = FALSE` to quiet this message.
> Data last updated 2024-10-08 17:32:01.22522306442261 UTC
! Using an auto-discovered, cached token.
  To suppress this message, modify your code or options to clearly consent to
  the use of a cached token.
  See gargle's "Non-interactive auth" vignette for more details:
  <https://gargle.r-lib.org/articles/non-interactive-auth.html>
i The googlesheets4 package is using a cached token for
  'benbowenwieland@gmail.com'.
Auto-refreshing stale OAuth token.
v Writing to "2024-25 EFL Championship Prediction Game".
v Writing to sheet 'rawtable'.
-- Attaching core tidyverse packages ------------------------ tidyverse 2.0.0 --
v dplyr     1.1.4     v readr     2.1.5
v forcats   1.0.0     v stringr   1.5.1
v ggplot2   3.5.1     v tibble    3.2.1
v lubridate 1.9.3     v tidyr     1.3.1
v purrr     1.0.2     
-- Conflicts ------------------------------------------ tidyverse_conflicts() --
x dplyr::filter() masks stats::filter()
x dplyr::lag()    masks stats::lag()
i Use the conflicted package (<http://conflicted.r-lib.org/>) to force all conflicts to become errors
Rows: 24 Columns: 2
-- Column specification --------------------------------------------------------
Delimiter: ","
chr (2): team_fbref, team_sheet

i Use `spec()` to retrieve the full column specification for this data.
i Specify the column types or set `show_col_types = FALSE` to quiet this message.
> Data last updated 2024-10-10 17:33:28.9437670707703 UTC
! Using an auto-discovered, cached token.
  To suppress this message, modify your code or options to clearly consent to
  the use of a cached token.
  See gargle's "Non-interactive auth" vignette for more details:
  <https://gargle.r-lib.org/articles/non-interactive-auth.html>
i The googlesheets4 package is using a cached token for
  'benbowenwieland@gmail.com'.
Auto-refreshing stale OAuth token.
v Writing to "2024-25 EFL Championship Prediction Game".
v Writing to sheet 'rawtable'.
-- Attaching core tidyverse packages ------------------------ tidyverse 2.0.0 --
v dplyr     1.1.4     v readr     2.1.5
v forcats   1.0.0     v stringr   1.5.1
v ggplot2   3.5.1     v tibble    3.2.1
v lubridate 1.9.3     v tidyr     1.3.1
v purrr     1.0.2     
-- Conflicts ------------------------------------------ tidyverse_conflicts() --
x dplyr::filter() masks stats::filter()
x dplyr::lag()    masks stats::lag()
i Use the conflicted package (<http://conflicted.r-lib.org/>) to force all conflicts to become errors
Rows: 24 Columns: 2
-- Column specification --------------------------------------------------------
Delimiter: ","
chr (2): team_fbref, team_sheet

i Use `spec()` to retrieve the full column specification for this data.
i Specify the column types or set `show_col_types = FALSE` to quiet this message.
> Data last updated 2024-10-10 17:33:28.9437670707703 UTC
! Using an auto-discovered, cached token.
  To suppress this message, modify your code or options to clearly consent to
  the use of a cached token.
  See gargle's "Non-interactive auth" vignette for more details:
  <https://gargle.r-lib.org/articles/non-interactive-auth.html>
i The googlesheets4 package is using a cached token for
  'benbowenwieland@gmail.com'.
Auto-refreshing stale OAuth token.
v Writing to "2024-25 EFL Championship Prediction Game".
v Writing to sheet 'rawtable'.
-- Attaching core tidyverse packages ------------------------ tidyverse 2.0.0 --
v dplyr     1.1.4     v readr     2.1.5
v forcats   1.0.0     v stringr   1.5.1
v ggplot2   3.5.1     v tibble    3.2.1
v lubridate 1.9.3     v tidyr     1.3.1
v purrr     1.0.2     
-- Conflicts ------------------------------------------ tidyverse_conflicts() --
x dplyr::filter() masks stats::filter()
x dplyr::lag()    masks stats::lag()
i Use the conflicted package (<http://conflicted.r-lib.org/>) to force all conflicts to become errors
Rows: 24 Columns: 2
-- Column specification --------------------------------------------------------
Delimiter: ","
chr (2): team_fbref, team_sheet

i Use `spec()` to retrieve the full column specification for this data.
i Specify the column types or set `show_col_types = FALSE` to quiet this message.
> Data last updated 2024-10-15 17:33:06.0387110710144 UTC
! Using an auto-discovered, cached token.
  To suppress this message, modify your code or options to clearly consent to
  the use of a cached token.
  See gargle's "Non-interactive auth" vignette for more details:
  <https://gargle.r-lib.org/articles/non-interactive-auth.html>
i The googlesheets4 package is using a cached token for
  'benbowenwieland@gmail.com'.
Auto-refreshing stale OAuth token.
v Writing to "2024-25 EFL Championship Prediction Game".
v Writing to sheet 'rawtable'.
-- Attaching core tidyverse packages ------------------------ tidyverse 2.0.0 --
v dplyr     1.1.4     v readr     2.1.5
v forcats   1.0.0     v stringr   1.5.1
v ggplot2   3.5.1     v tibble    3.2.1
v lubridate 1.9.3     v tidyr     1.3.1
v purrr     1.0.2     
-- Conflicts ------------------------------------------ tidyverse_conflicts() --
x dplyr::filter() masks stats::filter()
x dplyr::lag()    masks stats::lag()
i Use the conflicted package (<http://conflicted.r-lib.org/>) to force all conflicts to become errors
Rows: 24 Columns: 2
-- Column specification --------------------------------------------------------
Delimiter: ","
chr (2): team_fbref, team_sheet

i Use `spec()` to retrieve the full column specification for this data.
i Specify the column types or set `show_col_types = FALSE` to quiet this message.
> Data last updated 2024-10-17 17:32:15.1151170730591 UTC
! Using an auto-discovered, cached token.
  To suppress this message, modify your code or options to clearly consent to
  the use of a cached token.
  See gargle's "Non-interactive auth" vignette for more details:
  <https://gargle.r-lib.org/articles/non-interactive-auth.html>
i The googlesheets4 package is using a cached token for
  'benbowenwieland@gmail.com'.
Auto-refreshing stale OAuth token.
v Writing to "2024-25 EFL Championship Prediction Game".
v Writing to sheet 'rawtable'.
-- Attaching core tidyverse packages ------------------------ tidyverse 2.0.0 --
v dplyr     1.1.4     v readr     2.1.5
v forcats   1.0.0     v stringr   1.5.1
v ggplot2   3.5.1     v tibble    3.2.1
v lubridate 1.9.3     v tidyr     1.3.1
v purrr     1.0.2     
-- Conflicts ------------------------------------------ tidyverse_conflicts() --
x dplyr::filter() masks stats::filter()
x dplyr::lag()    masks stats::lag()
i Use the conflicted package (<http://conflicted.r-lib.org/>) to force all conflicts to become errors
Rows: 24 Columns: 2
-- Column specification --------------------------------------------------------
Delimiter: ","
chr (2): team_fbref, team_sheet

i Use `spec()` to retrieve the full column specification for this data.
i Specify the column types or set `show_col_types = FALSE` to quiet this message.
> Data not loaded. Please check parameters.
Error in `pivot_longer()`:
! Can't select columns that don't exist.
x Column `Home` doesn't exist.
Backtrace:
     x
  1. +-... %>% ...
  2. +-dplyr::select(...)
  3. +-dplyr::filter(., Date <= Sys.Date() & !is.na(goals_for))
  4. +-dplyr::mutate(...)
  5. +-dplyr::mutate(...)
  6. +-tidyr::pivot_longer(...)
  7. +-tidyr:::pivot_longer.data.frame(., c(Home, Away), names_to = "location", values_to = "team")
  8. | \-tidyr::build_longer_spec(...)
  9. |   \-tidyselect::eval_select(...)
 10. |     \-tidyselect:::eval_select_impl(...)
 11. |       +-tidyselect:::with_subscript_errors(...)
 12. |       | \-base::withCallingHandlers(...)
 13. |       \-tidyselect:::vars_select_eval(...)
 14. |         \-tidyselect:::walk_data_tree(expr, data_mask, context_mask)
 15. |           \-tidyselect:::eval_c(expr, data_mask, context_mask)
 16. |             \-tidyselect:::reduce_sels(node, data_mask, context_mask, init = init)
 17. |               \-tidyselect:::walk_data_tree(new, data_mask, context_mask)
 18. |                 \-tidyselect:::as_indices_sel_impl(...)
 19. |                   \-tidyselect:::as_indices_impl(...)
 20. |                     \-tidyselect:::chr_as_locations(x, vars, call = call, arg = arg)
 21. |                       \-vctrs::vec_as_location(...)
 22. \-vctrs (local) `<fn>`()
 23.   \-vctrs:::stop_subscript_oob(...)
 24.     \-vctrs:::stop_subscript(...)
 25.       \-rlang::abort(...)
Execution halted
-- Attaching core tidyverse packages ------------------------ tidyverse 2.0.0 --
v dplyr     1.1.4     v readr     2.1.5
v forcats   1.0.0     v stringr   1.5.1
v ggplot2   3.5.1     v tibble    3.2.1
v lubridate 1.9.3     v tidyr     1.3.1
v purrr     1.0.2     
-- Conflicts ------------------------------------------ tidyverse_conflicts() --
x dplyr::filter() masks stats::filter()
x dplyr::lag()    masks stats::lag()
i Use the conflicted package (<http://conflicted.r-lib.org/>) to force all conflicts to become errors
Rows: 24 Columns: 2
-- Column specification --------------------------------------------------------
Delimiter: ","
chr (2): team_fbref, team_sheet

i Use `spec()` to retrieve the full column specification for this data.
i Specify the column types or set `show_col_types = FALSE` to quiet this message.
> Data last updated 2024-10-27 17:31:21.7059719562531 UTC
! Using an auto-discovered, cached token.
  To suppress this message, modify your code or options to clearly consent to
  the use of a cached token.
  See gargle's "Non-interactive auth" vignette for more details:
  <https://gargle.r-lib.org/articles/non-interactive-auth.html>
i The googlesheets4 package is using a cached token for
  'benbowenwieland@gmail.com'.
Auto-refreshing stale OAuth token.
v Writing to "2024-25 EFL Championship Prediction Game".
v Writing to sheet 'rawtable'.
